{"level":"error","message":"Cannot read properties of undefined (reading '0')","timestamp":"2023-12-08 01:25:10"}
{"level":"info","message":"cv89557","timestamp":"2023-12-08 01:25:10"}
{"level":"info","message":"rr37466","timestamp":"2023-12-08 01:25:10"}
{"level":"error","message":"Could not find car","timestamp":"2023-12-08 01:25:10"}
{"level":"info","message":"cv89557","timestamp":"2023-12-08 01:52:41"}
{"level":"info","message":"cv89558","timestamp":"2023-12-08 01:52:41"}
{"level":"error","message":"Could not find car","timestamp":"2023-12-08 01:52:41"}
{"level":"info","message":"cv89557","timestamp":"2023-12-08 02:50:06"}
{"level":"info","message":"cv89558","timestamp":"2023-12-08 02:50:06"}
{"level":"error","message":"Could not find car","timestamp":"2023-12-08 02:50:06"}
{"level":"info","message":"cv89557","timestamp":"2023-12-08 03:04:01"}
{"level":"info","message":"cv89558","timestamp":"2023-12-08 03:04:01"}
{"level":"error","message":"Could not find car","timestamp":"2023-12-08 03:04:01"}
{"level":"info","message":"cv89557","timestamp":"2023-12-08 03:05:31"}
{"level":"info","message":"cv89558","timestamp":"2023-12-08 03:05:31"}
{"level":"error","message":"Could not find car","timestamp":"2023-12-08 03:05:31"}
{"level":"info","message":"cv89557","timestamp":"2023-12-08 18:40:08"}
{"level":"info","message":"cv89558","timestamp":"2023-12-08 18:40:08"}
{"level":"error","message":"Could not find car","timestamp":"2023-12-08 18:40:08"}
{"level":"info","message":"cv89557","timestamp":"2023-12-08 18:41:37"}
{"level":"info","message":"cv89558","timestamp":"2023-12-08 18:41:37"}
{"level":"error","message":"Could not find car","timestamp":"2023-12-08 18:41:37"}
{"level":"info","message":"cv89557","timestamp":"2023-12-08 18:42:01"}
{"level":"info","message":"cv89558","timestamp":"2023-12-08 18:42:01"}
{"level":"error","message":"Could not find car","timestamp":"2023-12-08 18:42:01"}
{"level":"info","message":"cv89557","timestamp":"2023-12-08 19:09:45"}
{"level":"info","message":"cv89558","timestamp":"2023-12-08 19:09:45"}
{"level":"error","message":"Could not find car","timestamp":"2023-12-08 19:09:45"}
{"level":"info","message":"cv89557","timestamp":"2023-12-08 19:12:46"}
{"level":"info","message":"cv89558","timestamp":"2023-12-08 19:12:46"}
{"level":"error","message":"Could not find car","timestamp":"2023-12-08 19:12:46"}
{"level":"info","message":"cv89557","timestamp":"2023-12-08 19:39:46"}
{"level":"info","message":"cv89558","timestamp":"2023-12-08 19:39:46"}
{"level":"error","message":"Could not find car","timestamp":"2023-12-08 19:39:46"}
{"level":"error","message":"(intermediate value).sort is not a function","timestamp":"2023-12-08 19:40:04"}
{"level":"error","message":"(intermediate value).sort is not a function","timestamp":"2023-12-08 19:40:32"}
{"level":"error","message":"(intermediate value).sort is not a function","timestamp":"2023-12-08 19:40:35"}
{"level":"info","message":"cv89557","timestamp":"2023-12-08 20:08:57"}
{"level":"info","message":"cv89558","timestamp":"2023-12-08 20:08:57"}
{"level":"error","message":"Could not find car","timestamp":"2023-12-08 20:08:57"}
{"level":"info","message":"cv89557","timestamp":"2023-12-08 20:17:53"}
{"level":"info","message":"cv89558","timestamp":"2023-12-08 20:17:53"}
{"level":"error","message":"Could not find car","timestamp":"2023-12-08 20:17:53"}
{"level":"info","message":"cv89557","timestamp":"2023-12-08 20:19:59"}
{"level":"info","message":"cv89558","timestamp":"2023-12-08 20:19:59"}
{"level":"error","message":"Could not find car","timestamp":"2023-12-08 20:19:59"}
{"level":"info","message":"cv89557","timestamp":"2023-12-08 20:21:25"}
{"level":"info","message":"cv89558","timestamp":"2023-12-08 20:21:25"}
{"level":"error","message":"Could not find car","timestamp":"2023-12-08 20:21:25"}
{"level":"info","message":"cv89557","timestamp":"2023-12-08 20:25:45"}
{"level":"info","message":"cv89558","timestamp":"2023-12-08 20:25:45"}
{"level":"error","message":"Could not find car","timestamp":"2023-12-08 20:25:45"}
{"level":"info","message":"cv89557","timestamp":"2023-12-08 20:25:50"}
{"level":"info","message":"cv89558","timestamp":"2023-12-08 20:25:50"}
{"level":"error","message":"Could not find car","timestamp":"2023-12-08 20:25:50"}
{"level":"info","message":"cv89557","timestamp":"2023-12-08 20:26:02"}
{"level":"info","message":"cv89558","timestamp":"2023-12-08 20:26:02"}
{"level":"error","message":"Could not find car","timestamp":"2023-12-08 20:26:02"}
{"level":"info","message":"cv89557","timestamp":"2023-12-08 20:30:38"}
{"level":"info","message":"cv89558","timestamp":"2023-12-08 20:30:38"}
{"level":"error","message":"Could not find car","timestamp":"2023-12-08 20:30:38"}
{"level":"info","message":"cv89557","timestamp":"2023-12-08 20:31:32"}
{"level":"info","message":"cv89558","timestamp":"2023-12-08 20:31:32"}
{"level":"error","message":"Could not find car","timestamp":"2023-12-08 20:31:32"}
{"level":"info","message":"cv89557","timestamp":"2023-12-08 20:41:04"}
{"level":"info","message":"cv89558","timestamp":"2023-12-08 20:41:04"}
{"level":"error","message":"Could not find car","timestamp":"2023-12-08 20:41:04"}
{"level":"info","message":"cv89557","timestamp":"2023-12-08 20:41:24"}
{"level":"info","message":"cv89558","timestamp":"2023-12-08 20:41:24"}
{"level":"error","message":"Could not find car","timestamp":"2023-12-08 20:41:24"}
{"level":"info","message":"cv89557","timestamp":"2023-12-09 00:37:46"}
{"level":"info","message":"cv89558","timestamp":"2023-12-09 00:37:46"}
{"level":"error","message":"Could not find car","timestamp":"2023-12-09 00:37:46"}
{"level":"error","message":"Cannot read properties of undefined (reading '0')","timestamp":"2023-12-09 00:52:49"}
{"level":"info","message":"cv89557","timestamp":"2023-12-09 00:52:49"}
{"level":"info","message":"bb11111","timestamp":"2023-12-09 00:52:49"}
{"level":"error","message":"Could not find car","timestamp":"2023-12-09 00:52:49"}
{"level":"info","message":"cv89557","timestamp":"2023-12-09 01:02:42"}
{"level":"info","message":"cv89558","timestamp":"2023-12-09 01:02:42"}
{"level":"error","message":"Could not find car","timestamp":"2023-12-09 01:02:42"}
{"level":"info","message":"cv89557","timestamp":"2023-12-09 01:02:58"}
{"level":"info","message":"cv89558","timestamp":"2023-12-09 01:02:58"}
{"level":"error","message":"Could not find car","timestamp":"2023-12-09 01:02:58"}
{"level":"info","message":"cv89557","timestamp":"2023-12-09 01:18:38"}
{"level":"info","message":"cv89558","timestamp":"2023-12-09 01:18:38"}
{"level":"error","message":"Could not find car","timestamp":"2023-12-09 01:18:38"}
{"level":"info","message":"cv89557","timestamp":"2023-12-09 01:19:34"}
{"level":"info","message":"cv89558","timestamp":"2023-12-09 01:19:34"}
{"level":"error","message":"Could not find car","timestamp":"2023-12-09 01:19:34"}
{"level":"info","message":"cv89557","timestamp":"2023-12-09 01:21:48"}
{"level":"info","message":"cv89558","timestamp":"2023-12-09 01:21:48"}
{"level":"error","message":"Could not find car","timestamp":"2023-12-09 01:21:48"}
{"level":"info","message":"cv89557","timestamp":"2023-12-09 01:35:14"}
{"level":"info","message":"cv89558","timestamp":"2023-12-09 01:35:14"}
{"level":"error","message":"Could not find car","timestamp":"2023-12-09 01:35:14"}
{"level":"info","message":"cv89557","timestamp":"2023-12-09 01:40:06"}
{"level":"info","message":"cv89558","timestamp":"2023-12-09 01:40:06"}
{"level":"error","message":"Could not find car","timestamp":"2023-12-09 01:40:06"}
{"level":"info","message":"cv89557","timestamp":"2023-12-09 01:41:14"}
{"level":"info","message":"cv89558","timestamp":"2023-12-09 01:41:14"}
{"level":"error","message":"Could not find car","timestamp":"2023-12-09 01:41:14"}
{"level":"info","message":"cv89557","timestamp":"2023-12-09 01:46:57"}
{"level":"info","message":"cv89558","timestamp":"2023-12-09 01:46:57"}
{"level":"error","message":"Could not find car","timestamp":"2023-12-09 01:46:57"}
{"level":"info","message":"cv89557","timestamp":"2023-12-09 02:48:48"}
{"level":"info","message":"cv89558","timestamp":"2023-12-09 02:48:48"}
{"level":"error","message":"Could not find car","timestamp":"2023-12-09 02:48:48"}
{"level":"info","message":"cv89557","timestamp":"2023-12-09 03:09:12"}
{"level":"info","message":"cv89558","timestamp":"2023-12-09 03:09:12"}
{"level":"error","message":"Could not find car","timestamp":"2023-12-09 03:09:12"}
{"level":"info","message":"cv89557","timestamp":"2023-12-09 03:13:04"}
{"level":"info","message":"cv89558","timestamp":"2023-12-09 03:13:04"}
{"level":"error","message":"Could not find car","timestamp":"2023-12-09 03:13:04"}
{"level":"info","message":"cv89557","timestamp":"2023-12-09 03:14:28"}
{"level":"info","message":"cv89558","timestamp":"2023-12-09 03:14:28"}
{"level":"error","message":"Could not find car","timestamp":"2023-12-09 03:14:28"}
{"level":"info","message":"cv89557","timestamp":"2023-12-09 03:26:54"}
{"level":"info","message":"cv89558","timestamp":"2023-12-09 03:26:54"}
{"level":"error","message":"Could not find car","timestamp":"2023-12-09 03:26:54"}
{"level":"info","message":"cv89557","timestamp":"2023-12-09 03:27:47"}
{"level":"info","message":"cv89558","timestamp":"2023-12-09 03:27:47"}
{"level":"error","message":"Could not find car","timestamp":"2023-12-09 03:27:47"}
{"level":"info","message":"cv89557","timestamp":"2023-12-09 03:39:40"}
{"level":"info","message":"cv89558","timestamp":"2023-12-09 03:39:40"}
{"level":"error","message":"Could not find car","timestamp":"2023-12-09 03:39:40"}
{"level":"info","message":"cv89557","timestamp":"2023-12-09 03:40:52"}
{"level":"info","message":"cv89558","timestamp":"2023-12-09 03:40:52"}
{"level":"error","message":"Could not find car","timestamp":"2023-12-09 03:40:52"}
{"level":"info","message":"cv89557","timestamp":"2023-12-09 03:42:49"}
{"level":"info","message":"cv89558","timestamp":"2023-12-09 03:42:49"}
{"level":"error","message":"Could not find car","timestamp":"2023-12-09 03:42:49"}
{"level":"info","message":"cv89557","timestamp":"2023-12-09 03:43:34"}
{"level":"info","message":"cv89558","timestamp":"2023-12-09 03:43:34"}
{"level":"error","message":"Could not find car","timestamp":"2023-12-09 03:43:34"}
{"level":"info","message":"cv89557","timestamp":"2023-12-09 03:44:38"}
{"level":"info","message":"cv89558","timestamp":"2023-12-09 03:44:38"}
{"level":"error","message":"Could not find car","timestamp":"2023-12-09 03:44:38"}
{"level":"info","message":"cv89557","timestamp":"2023-12-09 03:47:39"}
{"level":"info","message":"cv89558","timestamp":"2023-12-09 03:47:39"}
{"level":"error","message":"Could not find car","timestamp":"2023-12-09 03:47:39"}
{"level":"info","message":"cv89557","timestamp":"2023-12-09 03:49:06"}
{"level":"info","message":"cv89558","timestamp":"2023-12-09 03:49:06"}
{"level":"error","message":"Could not find car","timestamp":"2023-12-09 03:49:06"}
{"level":"info","message":"cv89557","timestamp":"2023-12-09 03:50:35"}
{"level":"info","message":"cv89558","timestamp":"2023-12-09 03:50:35"}
{"level":"error","message":"Could not find car","timestamp":"2023-12-09 03:50:35"}
{"level":"info","message":"cv89557","timestamp":"2023-12-09 03:55:03"}
{"level":"info","message":"cv89558","timestamp":"2023-12-09 03:55:03"}
{"level":"error","message":"Could not find car","timestamp":"2023-12-09 03:55:03"}
{"level":"info","message":"cv89557","timestamp":"2023-12-09 03:55:40"}
{"level":"info","message":"cv89558","timestamp":"2023-12-09 03:55:40"}
{"level":"error","message":"Could not find car","timestamp":"2023-12-09 03:55:40"}
{"level":"info","message":"cv89557","timestamp":"2023-12-09 03:56:00"}
{"level":"info","message":"cv89558","timestamp":"2023-12-09 03:56:00"}
{"level":"error","message":"Could not find car","timestamp":"2023-12-09 03:56:00"}
{"level":"info","message":"cv89557","timestamp":"2023-12-09 03:57:01"}
{"level":"info","message":"cv89558","timestamp":"2023-12-09 03:57:01"}
{"level":"error","message":"Could not find car","timestamp":"2023-12-09 03:57:01"}
{"level":"info","message":"cv89557","timestamp":"2023-12-09 04:01:46"}
{"level":"info","message":"cv89558","timestamp":"2023-12-09 04:01:46"}
{"level":"error","message":"Could not find car","timestamp":"2023-12-09 04:01:46"}
{"level":"info","message":"cv89557","timestamp":"2023-12-09 04:05:58"}
{"level":"info","message":"cv89558","timestamp":"2023-12-09 04:05:58"}
{"level":"error","message":"Could not find car","timestamp":"2023-12-09 04:05:58"}
{"level":"info","message":"cv89557","timestamp":"2023-12-09 04:11:37"}
{"level":"info","message":"cv89558","timestamp":"2023-12-09 04:11:37"}
{"level":"error","message":"Could not find car","timestamp":"2023-12-09 04:11:37"}
{"level":"info","message":"cv89557","timestamp":"2023-12-09 04:12:40"}
{"level":"info","message":"cv89558","timestamp":"2023-12-09 04:12:40"}
{"level":"error","message":"Could not find car","timestamp":"2023-12-09 04:12:40"}
{"level":"info","message":"cv89557","timestamp":"2023-12-09 04:20:27"}
{"level":"info","message":"cv89558","timestamp":"2023-12-09 04:20:27"}
{"level":"error","message":"Could not find car","timestamp":"2023-12-09 04:20:27"}
{"level":"info","message":"cv89557","timestamp":"2023-12-09 05:14:35"}
{"level":"info","message":"cv89558","timestamp":"2023-12-09 05:14:35"}
{"level":"error","message":"Could not find car","timestamp":"2023-12-09 05:14:35"}
{"level":"info","message":"cv89557","timestamp":"2023-12-09 05:15:36"}
{"level":"info","message":"cv89558","timestamp":"2023-12-09 05:15:36"}
{"level":"error","message":"Could not find car","timestamp":"2023-12-09 05:15:36"}
{"level":"info","message":"cv89557","timestamp":"2023-12-09 05:16:19"}
{"level":"info","message":"cv89558","timestamp":"2023-12-09 05:16:19"}
{"level":"error","message":"Could not find car","timestamp":"2023-12-09 05:16:19"}
{"level":"info","message":"cv89557","timestamp":"2023-12-09 05:16:41"}
{"level":"info","message":"cv89558","timestamp":"2023-12-09 05:16:41"}
{"level":"error","message":"Could not find car","timestamp":"2023-12-09 05:16:41"}
{"level":"info","message":"cv89557","timestamp":"2023-12-09 05:18:45"}
{"level":"info","message":"cv89558","timestamp":"2023-12-09 05:18:45"}
{"level":"error","message":"Could not find car","timestamp":"2023-12-09 05:18:45"}
{"level":"info","message":"cv89557","timestamp":"2023-12-09 05:19:27"}
{"level":"info","message":"cv89558","timestamp":"2023-12-09 05:19:27"}
{"level":"error","message":"Could not find car","timestamp":"2023-12-09 05:19:27"}
{"level":"info","message":"cv89557","timestamp":"2023-12-09 05:37:28"}
{"level":"info","message":"cv89558","timestamp":"2023-12-09 05:37:28"}
{"level":"error","message":"Could not find car","timestamp":"2023-12-09 05:37:28"}
{"level":"info","message":"cv89557","timestamp":"2023-12-09 05:48:47"}
{"level":"info","message":"cv89558","timestamp":"2023-12-09 05:48:47"}
{"level":"error","message":"Could not find car","timestamp":"2023-12-09 05:48:47"}
{"level":"info","message":"cv89557","timestamp":"2023-12-09 06:23:39"}
{"level":"info","message":"cv89558","timestamp":"2023-12-09 06:23:39"}
{"level":"error","message":"Could not find car","timestamp":"2023-12-09 06:23:39"}
{"level":"info","message":"cv89557","timestamp":"2023-12-09 06:25:17"}
{"level":"info","message":"cv89558","timestamp":"2023-12-09 06:25:17"}
{"level":"error","message":"Could not find car","timestamp":"2023-12-09 06:25:17"}
{"level":"error","message":"Cannot read properties of undefined (reading '0')","timestamp":"2023-12-09 06:39:30"}
{"level":"info","message":"cv89557","timestamp":"2023-12-09 06:39:30"}
{"level":"info","message":"cc2","timestamp":"2023-12-09 06:39:30"}
{"level":"error","message":"Could not find car","timestamp":"2023-12-09 06:39:30"}
{"level":"error","message":"Cannot read properties of undefined (reading '0')","timestamp":"2023-12-09 06:43:10"}
{"level":"info","message":"cv89557","timestamp":"2023-12-09 06:43:10"}
{"level":"info","message":"cc2","timestamp":"2023-12-09 06:43:10"}
{"level":"error","message":"Could not find car","timestamp":"2023-12-09 06:43:10"}
{"level":"error","message":"Cannot read properties of undefined (reading '0')","timestamp":"2023-12-09 06:43:36"}
{"level":"info","message":"cv89557","timestamp":"2023-12-09 06:43:36"}
{"level":"info","message":"책책wwwww","timestamp":"2023-12-09 06:43:36"}
{"level":"error","message":"Could not find car","timestamp":"2023-12-09 06:43:36"}
{"level":"error","message":"Cannot read properties of undefined (reading '0')","timestamp":"2023-12-09 06:46:15"}
{"level":"info","message":"cv89557","timestamp":"2023-12-09 06:46:15"}
{"level":"info","message":"ks","timestamp":"2023-12-09 06:46:15"}
{"level":"error","message":"Could not find car","timestamp":"2023-12-09 06:46:15"}
{"level":"error","message":"Cannot read properties of undefined (reading '0')","timestamp":"2023-12-09 06:50:04"}
{"level":"info","message":"cv89557","timestamp":"2023-12-09 06:50:04"}
{"level":"info","message":"ii55555","timestamp":"2023-12-09 06:50:04"}
{"level":"error","message":"Could not find car","timestamp":"2023-12-09 06:50:04"}
{"level":"error","message":"Cannot read properties of undefined (reading '0')","timestamp":"2023-12-09 06:50:15"}
{"level":"info","message":"cv89557","timestamp":"2023-12-09 06:50:15"}
{"level":"info","message":"cc11111","timestamp":"2023-12-09 06:50:15"}
{"level":"error","message":"Could not find car","timestamp":"2023-12-09 06:50:15"}
{"level":"error","message":"Request failed with status code 400","timestamp":"2023-12-09 06:50:20"}
{"level":"info","message":"cv89557","timestamp":"2023-12-09 06:50:20"}
{"level":"info","message":"cc111111","timestamp":"2023-12-09 06:50:20"}
{"level":"error","message":"Could not find car","timestamp":"2023-12-09 06:50:20"}
{"level":"info","message":"cv89557","timestamp":"2023-12-09 06:50:43"}
{"level":"info","message":"cv89558","timestamp":"2023-12-09 06:50:43"}
{"level":"error","message":"Could not find car","timestamp":"2023-12-09 06:50:43"}
{"level":"info","message":"cv89557","timestamp":"2023-12-09 15:44:51"}
{"level":"info","message":"cv89558","timestamp":"2023-12-09 15:44:51"}
{"level":"error","message":"Could not find car","timestamp":"2023-12-09 15:44:51"}
{"level":"info","message":"cv89557","timestamp":"2023-12-09 16:21:54"}
{"level":"info","message":"cv89558","timestamp":"2023-12-09 16:21:54"}
{"level":"error","message":"Could not find car","timestamp":"2023-12-09 16:21:54"}
{"level":"info","message":"cv89557","timestamp":"2023-12-09 16:24:02"}
{"level":"info","message":"cv89558","timestamp":"2023-12-09 16:24:02"}
{"level":"error","message":"Could not find car","timestamp":"2023-12-09 16:24:02"}
{"level":"error","message":"Cannot read properties of undefined (reading '0')","timestamp":"2023-12-09 17:09:34"}
{"level":"error","message":"Cannot read properties of undefined (reading '0')","timestamp":"2023-12-09 17:09:46"}
{"level":"info","message":"cv89557","timestamp":"2023-12-09 17:10:03"}
{"level":"info","message":"cv89558","timestamp":"2023-12-09 17:10:03"}
{"level":"error","message":"Could not find car","timestamp":"2023-12-09 17:10:03"}
{"level":"info","message":"cv89557","timestamp":"2023-12-09 17:10:32"}
{"level":"info","message":"cv89558","timestamp":"2023-12-09 17:10:32"}
{"level":"error","message":"Could not find car","timestamp":"2023-12-09 17:10:32"}
{"level":"info","message":"cv89557","timestamp":"2023-12-10 02:37:46"}
{"level":"info","message":"eb56625","timestamp":"2023-12-10 02:37:46"}
{"level":"error","message":"Could not find car","timestamp":"2023-12-10 02:37:46"}
{"level":"info","message":"cv89557","timestamp":"2023-12-10 03:00:26"}
{"level":"info","message":"eb56625","timestamp":"2023-12-10 03:00:26"}
{"level":"error","message":"Could not find car","timestamp":"2023-12-10 03:00:26"}
{"level":"info","message":"cv89557","timestamp":"2023-12-10 03:02:25"}
{"level":"info","message":"eb56625","timestamp":"2023-12-10 03:02:25"}
{"level":"error","message":"Could not find car","timestamp":"2023-12-10 03:02:25"}
{"level":"info","message":"cv89557","timestamp":"2023-12-10 03:04:27"}
{"level":"info","message":"eb56625","timestamp":"2023-12-10 03:04:27"}
{"level":"error","message":"Could not find car","timestamp":"2023-12-10 03:04:27"}
{"level":"info","message":"cv89557","timestamp":"2023-12-10 03:15:30"}
{"level":"info","message":"cv89558","timestamp":"2023-12-10 03:15:30"}
{"level":"error","message":"Could not find car","timestamp":"2023-12-10 03:15:30"}
{"level":"info","message":"cv89557","timestamp":"2023-12-10 03:18:43"}
{"level":"info","message":"cv89558","timestamp":"2023-12-10 03:18:43"}
{"level":"error","message":"Could not find car","timestamp":"2023-12-10 03:18:43"}
{"level":"info","message":"cv89557","timestamp":"2023-12-10 03:20:53"}
{"level":"info","message":"cv89558","timestamp":"2023-12-10 03:20:53"}
{"level":"error","message":"Could not find car","timestamp":"2023-12-10 03:20:53"}
{"level":"info","message":"cv89557","timestamp":"2023-12-10 14:47:30"}
{"level":"info","message":"eb56625","timestamp":"2023-12-10 14:47:30"}
{"level":"error","message":"Could not find car","timestamp":"2023-12-10 14:47:30"}
{"level":"info","message":"cv89557","timestamp":"2023-12-10 15:09:30"}
{"level":"info","message":"cv89558","timestamp":"2023-12-10 15:09:30"}
{"level":"error","message":"Could not find car","timestamp":"2023-12-10 15:09:30"}
{"level":"info","message":"cv89557","timestamp":"2023-12-10 15:35:45"}
{"level":"info","message":"cv89558","timestamp":"2023-12-10 15:35:45"}
{"level":"error","message":"Could not find car","timestamp":"2023-12-10 15:35:45"}
{"level":"error","message":"Request failed with status code 400","timestamp":"2023-12-10 15:54:25"}
{"level":"info","message":"cv89557","timestamp":"2023-12-10 15:54:36"}
{"level":"info","message":"cv89558","timestamp":"2023-12-10 15:54:36"}
{"level":"error","message":"Could not find car","timestamp":"2023-12-10 15:54:36"}
{"level":"info","message":"cv89557","timestamp":"2023-12-10 16:45:43"}
{"level":"info","message":"ed79446","timestamp":"2023-12-10 16:45:43"}
{"level":"error","message":"Could not find car","timestamp":"2023-12-10 16:45:43"}
{"level":"error","message":"Rule validation failed: policy_time: Path `policy_time` is required.","timestamp":"2023-12-10 23:07:48"}
{"level":"info","message":"cv89557","timestamp":"2023-12-11 05:14:46"}
{"level":"info","message":"eb56625","timestamp":"2023-12-11 05:14:46"}
{"level":"error","message":"Could not find car","timestamp":"2023-12-11 05:14:46"}
{"level":"info","message":"cv89557","timestamp":"2023-12-11 05:22:50"}
{"level":"info","message":"cv89558","timestamp":"2023-12-11 05:22:50"}
{"level":"error","message":"Could not find car","timestamp":"2023-12-11 05:22:50"}
{"level":"error","message":"Cannot read properties of undefined (reading '0')","timestamp":"2023-12-11 05:24:17"}
{"level":"error","message":"a is not defined","timestamp":"2023-12-11 06:27:09"}
{"level":"error","message":"s is not defined","timestamp":"2023-12-11 06:27:20"}
{"level":"error","message":"c is not defined","timestamp":"2023-12-11 06:27:22"}
{"level":"error","message":"Cannot read properties of undefined (reading 'listeners')","timestamp":"2023-12-11 06:30:23"}
{"level":"info","message":"cv89557","timestamp":"2023-12-11 16:08:52"}
{"level":"info","message":"cv89558","timestamp":"2023-12-11 16:08:52"}
{"level":"error","message":"Could not find car","timestamp":"2023-12-11 16:08:52"}
{"level":"info","message":"cv89557","timestamp":"2023-12-11 18:36:06"}
{"level":"info","message":"cv89558","timestamp":"2023-12-11 18:36:06"}
{"level":"error","message":"Could not find car","timestamp":"2023-12-11 18:36:06"}
{"level":"warn","message":{"brand":"PEUGEOT","color":"Gr책","description":"Varebil kl 2","plate":"CV 89558","type":"KJORETOY","year":"2018"},"timestamp":"2023-12-11 18:38:45"}
{"level":"info","message":"cv89557","timestamp":"2023-12-11 18:38:45"}
{"level":"info","message":"cv89558","timestamp":"2023-12-11 18:38:45"}
{"level":"error","message":"Could not find car","timestamp":"2023-12-11 18:38:45"}
{"level":"warn","message":"Gr책","timestamp":"2023-12-11 18:39:06"}
{"level":"info","message":"cv89557","timestamp":"2023-12-11 18:39:06"}
{"level":"info","message":"cv89558","timestamp":"2023-12-11 18:39:06"}
{"level":"error","message":"Could not find car","timestamp":"2023-12-11 18:39:06"}
{"level":"info","message":"cv89557","timestamp":"2023-12-11 18:45:24"}
{"level":"info","message":"cv89558","timestamp":"2023-12-11 18:45:24"}
{"level":"error","message":"Could not find car","timestamp":"2023-12-11 18:45:24"}
{"level":"info","message":"cv89557","timestamp":"2023-12-11 18:47:34"}
{"level":"info","message":"cv89558","timestamp":"2023-12-11 18:47:34"}
{"level":"error","message":"Could not find car","timestamp":"2023-12-11 18:47:34"}
{"level":"info","message":"cv89557","timestamp":"2023-12-11 18:54:57"}
{"level":"info","message":"cv89558","timestamp":"2023-12-11 18:54:57"}
{"level":"error","message":"Could not find car","timestamp":"2023-12-11 18:54:57"}
{"level":"info","message":"cv89557","timestamp":"2023-12-11 19:05:34"}
{"level":"info","message":"cv89558","timestamp":"2023-12-11 19:05:34"}
{"level":"error","message":"Could not find car","timestamp":"2023-12-11 19:05:34"}
{"level":"info","message":"cv89558","timestamp":"2023-12-11 19:10:22"}
{"level":"info","message":"cv89558","timestamp":"2023-12-11 19:10:22"}
{"level":"info","message":"cv89558","timestamp":"2023-12-12 06:40:38"}
{"level":"info","message":"cv89558","timestamp":"2023-12-12 06:40:38"}
{"level":"info","message":"cv89558","timestamp":"2023-12-12 06:56:31"}
{"level":"info","message":"cv89558","timestamp":"2023-12-12 06:56:31"}
{"level":"info","message":"cv89558","timestamp":"2023-12-12 07:04:04"}
{"level":"info","message":"cv89558","timestamp":"2023-12-12 07:04:04"}
{"level":"error","message":"No violation was found","timestamp":"2023-12-12 07:04:04"}
{"level":"info","message":"cv89558","timestamp":"2023-12-12 07:04:48"}
{"level":"info","message":"cv89558","timestamp":"2023-12-12 07:04:48"}
{"level":"error","message":"No violation was found","timestamp":"2023-12-12 07:04:48"}
{"level":"info","message":"cv89558","timestamp":"2023-12-12 07:06:18"}
{"level":"info","message":"cv89558","timestamp":"2023-12-12 07:06:18"}
{"level":"info","message":"cv89558","timestamp":"2023-12-12 07:10:44"}
{"level":"info","message":"cv89558","timestamp":"2023-12-12 07:10:44"}
{"level":"info","message":"cv89558","timestamp":"2023-12-12 07:12:04"}
{"level":"info","message":"cv89558","timestamp":"2023-12-12 07:12:04"}
{"level":"error","message":"No violation was found","timestamp":"2023-12-12 07:12:04"}
{"level":"info","message":"cv89558","timestamp":"2023-12-12 07:12:29"}
{"level":"info","message":"cv89558","timestamp":"2023-12-12 07:12:29"}
{"level":"info","message":"cv89558","timestamp":"2023-12-12 15:20:07"}
{"level":"info","message":"cv89558","timestamp":"2023-12-12 15:20:07"}
{"level":"info","message":"cv89558","timestamp":"2023-12-12 15:26:28"}
{"level":"info","message":"cv89558","timestamp":"2023-12-12 15:26:29"}
{"level":"info","message":"cv89558","timestamp":"2023-12-12 15:28:17"}
{"level":"info","message":"cv89558","timestamp":"2023-12-12 15:28:17"}
{"level":"info","message":"cv89558","timestamp":"2023-12-12 15:29:42"}
{"level":"info","message":"cv89558","timestamp":"2023-12-12 15:29:42"}
{"level":"info","message":"cv89558","timestamp":"2023-12-12 16:05:04"}
{"level":"info","message":"cv89558","timestamp":"2023-12-12 16:05:04"}
{"level":"info","message":"cv89558","timestamp":"2023-12-12 16:21:03"}
{"level":"info","message":"cv89558","timestamp":"2023-12-12 16:21:03"}
{"level":"info","message":"cv89558","timestamp":"2023-12-12 16:24:58"}
{"level":"info","message":"cv89558","timestamp":"2023-12-12 16:24:58"}
{"level":"error","message":"Cannot populate path `registered_car_info/place` because it is not in your schema. Set the `strictPopulate` option to false to override.","timestamp":"2023-12-12 16:40:56"}
{"level":"info","message":"cv89558","timestamp":"2023-12-12 16:47:24"}
{"level":"info","message":"cv89558","timestamp":"2023-12-12 16:47:24"}
{"level":"info","message":"cv89558","timestamp":"2023-12-12 16:48:56"}
{"level":"info","message":"cv89558","timestamp":"2023-12-12 16:48:56"}
{"level":"error","message":"No violation was found","timestamp":"2023-12-12 16:48:56"}
{"level":"info","message":"cv89558","timestamp":"2023-12-12 16:49:26"}
{"level":"info","message":"cv89558","timestamp":"2023-12-12 16:49:26"}
{"level":"error","message":"No violation was found","timestamp":"2023-12-12 16:49:26"}
{"level":"info","message":"cv89558","timestamp":"2023-12-12 16:50:15"}
{"level":"info","message":"cv89558","timestamp":"2023-12-12 16:50:15"}
{"level":"error","message":"No violation was found","timestamp":"2023-12-12 16:50:15"}
{"level":"info","message":"cv89558","timestamp":"2023-12-12 16:53:05"}
{"level":"info","message":"cv89558","timestamp":"2023-12-12 16:53:05"}
{"level":"info","message":"cv89558","timestamp":"2023-12-12 16:53:37"}
{"level":"info","message":"cv89558","timestamp":"2023-12-12 16:53:37"}
{"level":"info","message":"cv89558","timestamp":"2023-12-12 23:20:15"}
{"level":"info","message":"cv89558","timestamp":"2023-12-12 23:20:15"}
{"level":"info","message":"cv89558","timestamp":"2023-12-14 12:35:40"}
{"level":"info","message":"cv89558","timestamp":"2023-12-14 12:35:40"}
{"level":"error","message":"Cannot read properties of undefined (reading '0')","timestamp":"2023-12-14 12:40:58"}
{"level":"error","message":"Cannot read properties of undefined (reading '0')","timestamp":"2023-12-14 13:18:13"}
{"level":"info","message":"cv89558","timestamp":"2023-12-14 13:18:37"}
{"level":"info","message":"mm","timestamp":"2023-12-14 13:18:37"}
{"level":"error","message":"Could not find car","timestamp":"2023-12-14 13:18:37"}
{"level":"error","message":"No violation was found","timestamp":"2023-12-14 13:18:37"}
{"level":"info","message":"cv89558","timestamp":"2023-12-14 13:19:08"}
{"level":"info","message":"mm","timestamp":"2023-12-14 13:19:08"}
{"level":"error","message":"Could not find car","timestamp":"2023-12-14 13:19:08"}
{"level":"error","message":"No violation was found","timestamp":"2023-12-14 13:19:08"}
{"level":"error","message":"Cannot read properties of undefined (reading '0')","timestamp":"2023-12-14 13:19:16"}
{"level":"error","message":"Cannot read properties of undefined (reading 'nasjonaltGodkjenningsAr')","timestamp":"2023-12-14 13:19:23"}
{"level":"error","message":"Cannot read properties of undefined (reading 'nasjonaltGodkjenningsAr')","timestamp":"2023-12-14 13:21:33"}
{"level":"error","message":"Cannot read properties of undefined (reading 'nasjonaltGodkjenningsAr')","timestamp":"2023-12-14 13:21:40"}
{"level":"error","message":"Autosys server error","timestamp":"2023-12-14 13:21:46"}
{"level":"error","message":"Autosys server error","timestamp":"2023-12-14 13:26:34"}
{"level":"error","message":"Autosys server error","timestamp":"2023-12-14 13:26:39"}
{"level":"info","message":"cv89558","timestamp":"2023-12-14 13:26:52"}
{"level":"info","message":"mm","timestamp":"2023-12-14 13:26:52"}
{"level":"error","message":"Could not find car","timestamp":"2023-12-14 13:26:52"}
{"level":"error","message":"No violation was found","timestamp":"2023-12-14 13:26:52"}
{"level":"info","message":"cv89558","timestamp":"2023-12-14 13:32:38"}
{"level":"info","message":"mm","timestamp":"2023-12-14 13:32:38"}
{"level":"error","message":"Could not find car","timestamp":"2023-12-14 13:32:38"}
{"level":"error","message":"No violation was found","timestamp":"2023-12-14 13:32:38"}
{"level":"error","message":"Autosys server error","timestamp":"2023-12-14 13:36:18"}
{"level":"error","message":"Autosys server error","timestamp":"2023-12-14 13:36:24"}
{"level":"error","message":"Autosys server error","timestamp":"2023-12-14 13:49:30"}
{"level":"info","message":"cv89558","timestamp":"2023-12-14 13:49:30"}
{"level":"info","message":"gg","timestamp":"2023-12-14 13:49:30"}
{"level":"error","message":"Could not find car","timestamp":"2023-12-14 13:49:30"}
{"level":"error","message":"No violation was found","timestamp":"2023-12-14 13:49:30"}
{"level":"error","message":"Autosys server error","timestamp":"2023-12-14 13:59:59"}
{"level":"info","message":"cv89558","timestamp":"2023-12-14 13:59:59"}
{"level":"info","message":"gg","timestamp":"2023-12-14 13:59:59"}
{"level":"error","message":"Could not find car","timestamp":"2023-12-14 13:59:59"}
{"level":"error","message":"No violation was found","timestamp":"2023-12-14 13:59:59"}
{"level":"error","message":"result.status is not a function","timestamp":"2023-12-14 14:35:51"}
{"level":"error","message":"Autosys server error","timestamp":"2023-12-14 17:14:54"}
{"level":"info","message":"cv89558","timestamp":"2023-12-14 17:14:54"}
{"level":"info","message":"gg","timestamp":"2023-12-14 17:14:54"}
{"level":"error","message":"Could not find car","timestamp":"2023-12-14 17:14:54"}
{"level":"error","message":"No violation was found","timestamp":"2023-12-14 17:14:54"}
{"level":"error","message":"Cast to ObjectId failed for value \"plate\" (type string) at path \"_id\" for model \"Car\"","timestamp":"2023-12-14 17:15:02"}
{"level":"error","message":"Cast to ObjectId failed for value \"plate\" (type string) at path \"_id\" for model \"Violation\"","timestamp":"2023-12-14 17:15:02"}
{"level":"error","message":"Cast to ObjectId failed for value \"plate\" (type string) at path \"_id\" for model \"Car\"","timestamp":"2023-12-14 17:19:33"}
{"level":"error","message":"Cast to ObjectId failed for value \"plate\" (type string) at path \"_id\" for model \"Violation\"","timestamp":"2023-12-14 17:19:33"}
{"level":"error","message":"Cast to ObjectId failed for value \"plate\" (type string) at path \"_id\" for model \"Car\"","timestamp":"2023-12-14 17:21:50"}
{"level":"error","message":"Cast to ObjectId failed for value \"plate\" (type string) at path \"_id\" for model \"Violation\"","timestamp":"2023-12-14 17:21:50"}
{"level":"error","message":"Cast to ObjectId failed for value \"plate\" (type string) at path \"_id\" for model \"Car\"","timestamp":"2023-12-14 17:37:58"}
{"level":"error","message":"Cast to ObjectId failed for value \"plate\" (type string) at path \"_id\" for model \"Violation\"","timestamp":"2023-12-14 17:37:58"}
{"level":"error","message":"Cast to ObjectId failed for value \"plate\" (type string) at path \"_id\" for model \"Car\"","timestamp":"2023-12-14 17:38:52"}
{"level":"error","message":"Cast to ObjectId failed for value \"plate\" (type string) at path \"_id\" for model \"Violation\"","timestamp":"2023-12-14 17:38:52"}
{"level":"error","message":"Violation validation failed: plate_info.color: Path `plate_info.color` is required., plate_info.type: Path `plate_info.type` is required., plate_info.description: Path `plate_info.description` is required., plate_info.year: Path `plate_info.year` is required., plate_info.plate: Path `plate_info.plate` is required., plate_info.brand: Path `plate_info.brand` is required.","timestamp":"2023-12-14 17:44:16"}
{"level":"error","message":"Cast to ObjectId failed for value \"plate\" (type string) at path \"_id\" for model \"Car\"","timestamp":"2023-12-14 18:06:42"}
{"level":"error","message":"Cast to ObjectId failed for value \"plate\" (type string) at path \"_id\" for model \"Violation\"","timestamp":"2023-12-14 18:06:42"}
{"level":"error","message":"Cast to ObjectId failed for value \"plate\" (type string) at path \"_id\" for model \"Car\"","timestamp":"2023-12-14 18:35:29"}
{"level":"error","message":"Cast to ObjectId failed for value \"plate\" (type string) at path \"_id\" for model \"Violation\"","timestamp":"2023-12-14 18:35:29"}
{"level":"error","message":"Cast to ObjectId failed for value \"plate\" (type string) at path \"_id\" for model \"Car\"","timestamp":"2023-12-14 18:35:52"}
{"level":"error","message":"Cast to ObjectId failed for value \"plate\" (type string) at path \"_id\" for model \"Violation\"","timestamp":"2023-12-14 18:35:52"}
{"level":"error","message":"Cast to ObjectId failed for value \"plate\" (type string) at path \"_id\" for model \"Car\"","timestamp":"2023-12-14 22:08:57"}
{"level":"error","message":"Cast to ObjectId failed for value \"plate\" (type string) at path \"_id\" for model \"Car\"","timestamp":"2023-12-14 22:56:56"}
{"level":"error","message":"Cast to ObjectId failed for value \"plate\" (type string) at path \"_id\" for model \"Car\"","timestamp":"2023-12-14 23:15:37"}
{"level":"error","message":"Cast to ObjectId failed for value \"plate\" (type string) at path \"_id\" for model \"Car\"","timestamp":"2023-12-14 23:18:31"}
{"level":"error","message":"Cast to ObjectId failed for value \"plate\" (type string) at path \"_id\" for model \"Car\"","timestamp":"2023-12-14 23:19:59"}
{"level":"error","message":"Cast to ObjectId failed for value \"plate\" (type string) at path \"_id\" for model \"Car\"","timestamp":"2023-12-14 23:22:36"}
{"level":"error","message":"Cast to ObjectId failed for value \"plate\" (type string) at path \"_id\" for model \"Car\"","timestamp":"2023-12-14 23:38:10"}
{"level":"error","message":"Cast to ObjectId failed for value \"plate\" (type string) at path \"_id\" for model \"Car\"","timestamp":"2023-12-15 01:47:43"}
{"level":"error","message":"Cast to ObjectId failed for value \"plate\" (type string) at path \"_id\" for model \"Car\"","timestamp":"2023-12-15 02:06:39"}
{"level":"error","message":"Cast to ObjectId failed for value \"plate\" (type string) at path \"_id\" for model \"Car\"","timestamp":"2023-12-15 02:10:11"}
{"level":"error","message":"Cast to ObjectId failed for value \"plate\" (type string) at path \"_id\" for model \"Car\"","timestamp":"2023-12-15 02:11:28"}
{"level":"error","message":"Cast to ObjectId failed for value \"plate\" (type string) at path \"_id\" for model \"Car\"","timestamp":"2023-12-15 04:51:25"}
{"level":"error","message":"Cast to ObjectId failed for value \"plate\" (type string) at path \"_id\" for model \"Car\"","timestamp":"2023-12-15 05:32:31"}
{"level":"error","message":"Violation validation failed: rules.0: Cast to [ObjectId] failed for value \"[\\n' +\n  '  {\\n' +\n  `    name: \"2 - Lorem Ipsum is simply dummy text of the printing and typesetting industry. Lorem Ipsum has been the industry's standard dummy text ever since the 1500s, when an unknown printer took a galley of type and scrambled it to make a type specimen book. It has survived not only five centuries, but also the leap into electronic typesetting, remaining essentially unchanged. It was popularised in the 1960s with the release of Letraset sheets containing Lorem Ipsum passages, and more recently with desktop publishing software like Aldus PageMaker including versions of Lorem Ipsum.\",\\n` +\n  '    charge: 100,\\n' +\n  '    id: null,\\n' +\n  '    time_policy: 30\\n' +\n  '  }\\n' +\n  ']\" (type string) at path \"rules.0\" because of \"CastError\"","timestamp":"2023-12-15 08:27:19"}
{"level":"error","message":"Violation validation failed: rules.0.policy_time: Path `policy_time` is required.","timestamp":"2023-12-15 08:29:31"}
{"level":"error","message":"Cast to [undefined] failed for value \"[ new ObjectId('657bf3020ae1a6c090d27922') ]\" (type string) at path \"rules.0\" because of \"TypeError\"","timestamp":"2023-12-15 08:32:34"}
{"level":"info","message":"cv89558","timestamp":"2023-12-15 08:37:02"}
{"level":"info","message":"cv89558","timestamp":"2023-12-15 08:37:02"}
{"level":"error","message":"No violation was found","timestamp":"2023-12-15 08:37:02"}
{"level":"error","message":"Cast to ObjectId failed for value \"plate\" (type string) at path \"_id\" for model \"Car\"","timestamp":"2023-12-15 09:48:31"}
{"level":"error","message":"Cast to ObjectId failed for value \"plate\" (type string) at path \"_id\" for model \"Car\"","timestamp":"2023-12-15 10:01:11"}
{"level":"error","message":"Cast to ObjectId failed for value \"plate\" (type string) at path \"_id\" for model \"Car\"","timestamp":"2023-12-15 10:01:59"}
{"level":"error","message":"Cast to ObjectId failed for value \"plate\" (type string) at path \"_id\" for model \"Car\"","timestamp":"2023-12-15 10:03:43"}
{"level":"error","message":"Cast to ObjectId failed for value \"plate\" (type string) at path \"_id\" for model \"Car\"","timestamp":"2023-12-15 10:04:04"}
{"level":"error","message":"this.splitPath is not a function","timestamp":"2023-12-15 10:12:36"}
{"level":"error","message":"Class constructor ObjectId cannot be invoked without 'new'","timestamp":"2023-12-15 10:12:56"}
{"level":"info","message":"cv89558","timestamp":"2023-12-15 10:58:09"}
{"level":"info","message":"cv89558","timestamp":"2023-12-15 10:58:09"}
{"level":"error","message":"No violation was found","timestamp":"2023-12-15 10:58:09"}
{"level":"error","message":"Cast to ObjectId failed for value \"plate\" (type string) at path \"_id\" for model \"Car\"","timestamp":"2023-12-15 18:46:44"}
{"level":"error","message":"Cast to ObjectId failed for value \"plate\" (type string) at path \"_id\" for model \"Car\"","timestamp":"2023-12-15 18:49:22"}
{"level":"info","message":"cv89558","timestamp":"2023-12-15 18:55:17"}
{"level":"info","message":"cv89558","timestamp":"2023-12-15 18:55:17"}
{"level":"error","message":"No violation was found","timestamp":"2023-12-15 18:55:17"}
{"level":"error","message":"Autosys server error","timestamp":"2023-12-15 19:02:05"}
{"level":"info","message":"cv89558","timestamp":"2023-12-15 19:02:05"}
{"level":"info","message":"gg","timestamp":"2023-12-15 19:02:05"}
{"level":"error","message":"Could not find car","timestamp":"2023-12-15 19:02:05"}
{"level":"error","message":"No violation was found","timestamp":"2023-12-15 19:02:05"}
{"level":"info","message":"cv89558","timestamp":"2023-12-15 19:03:27"}
{"level":"info","message":"cv89558","timestamp":"2023-12-15 19:03:27"}
{"level":"error","message":"No violation was found","timestamp":"2023-12-15 19:03:27"}
{"level":"info","message":"cv89558","timestamp":"2023-12-15 19:13:00"}
{"level":"info","message":"cv89558","timestamp":"2023-12-15 19:13:00"}
{"level":"error","message":"No violation was found","timestamp":"2023-12-15 19:13:00"}
{"level":"info","message":"cv89558","timestamp":"2023-12-15 19:31:02"}
{"level":"info","message":"cv89558","timestamp":"2023-12-15 19:31:02"}
{"level":"error","message":"No violation was found","timestamp":"2023-12-15 19:31:02"}
{"level":"error","message":"Cast to ObjectId failed for value \"plate\" (type string) at path \"_id\" for model \"Car\"","timestamp":"2023-12-15 19:35:20"}
{"level":"info","message":"cv89558","timestamp":"2023-12-15 19:41:44"}
{"level":"info","message":"cv89558","timestamp":"2023-12-15 19:41:44"}
{"level":"error","message":"No violation was found","timestamp":"2023-12-15 19:41:44"}
{"level":"info","message":"cv89558","timestamp":"2023-12-15 19:47:54"}
{"level":"info","message":"cv89558","timestamp":"2023-12-15 19:47:54"}
{"level":"error","message":"No violation was found","timestamp":"2023-12-15 19:47:54"}
{"level":"error","message":"Cast to ObjectId failed for value \"plate\" (type string) at path \"_id\" for model \"Car\"","timestamp":"2023-12-15 19:49:02"}
{"level":"error","message":"Cast to ObjectId failed for value \"plate\" (type string) at path \"_id\" for model \"Car\"","timestamp":"2023-12-15 19:50:25"}
{"level":"info","message":"cv89558","timestamp":"2023-12-15 20:01:53"}
{"level":"info","message":"cv89558","timestamp":"2023-12-15 20:01:53"}
{"level":"info","message":"cv89558","timestamp":"2023-12-15 20:02:43"}
{"level":"info","message":"cv89558","timestamp":"2023-12-15 20:02:43"}
{"level":"error","message":"Cast to ObjectId failed for value \"plate\" (type string) at path \"_id\" for model \"Car\"","timestamp":"2023-12-15 20:03:13"}
{"level":"info","message":"cv89558","timestamp":"2023-12-15 20:09:34"}
{"level":"info","message":"cv89558","timestamp":"2023-12-15 20:09:34"}
{"level":"error","message":"No violation was found","timestamp":"2023-12-15 20:09:34"}
{"level":"error","message":"Cast to ObjectId failed for value \"plate\" (type string) at path \"_id\" for model \"Car\"","timestamp":"2023-12-15 20:09:46"}
